<?xml version="1.0" encoding="UTF-8"?>
<!-- Generated by org.testng.reporters.JUnitReportReporter -->
<testsuite skipped="0" hostname="FLHQ-PC0RH4FH" name="com.qa.tests.LoginTests" tests="3" failures="0" timestamp="2022-12-12T15:54:48 EST" time="11.779" errors="0">
  <testcase name="invalidPassword" time="3.852" classname="com.qa.tests.LoginTests"/>
  <system-out/>
  <testcase name="invalidUsername" time="3.308" classname="com.qa.tests.LoginTests"/>
  <system-out/>
  <testcase name="successLogin" time="4.619" classname="com.qa.tests.LoginTests"/>
  <system-out/>
</testsuite> <!-- com.qa.tests.LoginTests -->
